<?xml version="1.0" encoding="UTF-8"?>
<!-- Generated by org.testng.reporters.JUnitReportReporter -->
<testsuite skipped="0" hostname="SRBGRZWM53" name="tests.CPAAssetPopulation" tests="1" failures="0" timestamp="2022-03-31T16:44:54 CEST" time="27.627" errors="0">
  <testcase name="cpaAssetPopulation" time="27.627" classname="tests.CPAAssetPopulation"/>
  <system-out/>
</testsuite> <!-- tests.CPAAssetPopulation -->
