<?xml version="1.0" encoding="UTF-8"?>
<!-- Generated by org.testng.reporters.JUnitReportReporter -->
<testsuite skipped="0" hostname="SRBGRZWM53" name="tests.ContractLineAutomation" tests="2" failures="0" timestamp="2022-04-07T11:53:59 CEST" time="24.066" errors="0">
  <testcase name="contractItemAutomation" time="14.510" classname="tests.ContractLineAutomation"/>
  <system-out/>
  <testcase name="updateProduct" time="9.556" classname="tests.ContractLineAutomation"/>
  <system-out/>
</testsuite> <!-- tests.ContractLineAutomation -->
