<?xml version="1.0" encoding="UTF-8"?>
<!-- Generated by org.testng.reporters.JUnitReportReporter -->
<testsuite skipped="0" hostname="SRBGRZWM53" name="tests.CreateNewContact" tests="1" failures="0" timestamp="2022-04-07T10:09:40 CEST" time="16.263" errors="0">
  <testcase name="crateNewContact" time="16.263" classname="tests.CreateNewContact"/>
  <system-out/>
</testsuite> <!-- tests.CreateNewContact -->
