<?xml version="1.0" encoding="UTF-8"?>
<!-- Generated by org.testng.reporters.JUnitReportReporter -->
<testsuite skipped="0" hostname="SRBGRZWM53" name="tests.CreateNewContract" tests="1" failures="0" timestamp="2022-04-07T12:25:19 CEST" time="11.566" errors="0">
  <testcase name="createNewContract" time="11.566" classname="tests.CreateNewContract"/>
  <system-out/>
</testsuite> <!-- tests.CreateNewContract -->
