<?xml version="1.0" encoding="UTF-8"?>
<!-- Generated by org.testng.reporters.JUnitReportReporter -->
<testsuite skipped="0" hostname="SRBGRZWM53" name="tests.ContractAutomations" tests="1" failures="0" timestamp="2022-04-07T12:25:19 CEST" time="7.252" errors="0">
  <testcase name="contractAutomations" time="7.252" classname="tests.ContractAutomations"/>
  <system-out/>
</testsuite> <!-- tests.ContractAutomations -->
