<?xml version="1.0" encoding="UTF-8"?>
<!-- Generated by org.testng.reporters.JUnitReportReporter -->
<testsuite skipped="0" hostname="SRBGRZWM53" name="tests.AutopopulateAccountYDTRank" tests="1" failures="0" timestamp="2022-04-06T15:02:31 CEST" time="12.266" errors="0">
  <testcase name="autopopulateAccountYDTRank" time="12.266" classname="tests.AutopopulateAccountYDTRank"/>
  <system-out/>
</testsuite> <!-- tests.AutopopulateAccountYDTRank -->
