<?xml version="1.0" encoding="UTF-8"?>
<!-- Generated by org.testng.reporters.JUnitReportReporter -->
<testsuite skipped="0" hostname="SRBGRZWM53" name="tests.CreateNewAPACContract" tests="1" failures="0" timestamp="2022-04-07T13:05:30 CEST" time="16.586" errors="0">
  <testcase name="createNewAPACContract" time="16.586" classname="tests.CreateNewAPACContract"/>
  <system-out/>
</testsuite> <!-- tests.CreateNewAPACContract -->
