<?xml version="1.0" encoding="UTF-8"?>
<!-- Generated by org.testng.reporters.JUnitReportReporter -->
<testsuite hostname="SRBGRZWM53" failures="0" tests="1" name="tests.AppTest" time="0.038" errors="0" timestamp="2021-04-12T19:17:58 CEST" skipped="0">
  <testcase classname="tests.AppTest" name="text" time="0.038"/>
  <system-out/>
</testsuite> <!-- tests.AppTest -->
