<?xml version="1.0" encoding="UTF-8"?>
<!-- Generated by org.testng.reporters.JUnitReportReporter -->
<testsuite skipped="0" hostname="SRBGRZWM53" name="tests.ContractItemAutomation" tests="2" failures="0" timestamp="2022-02-04T16:59:12 CET" time="21.375" errors="0">
  <testcase name="contractItemAutomation" time="12.086" classname="tests.ContractItemAutomation"/>
  <system-out/>
  <testcase name="updateProduct" time="9.289" classname="tests.ContractItemAutomation"/>
  <system-out/>
</testsuite> <!-- tests.ContractItemAutomation -->
