<?xml version="1.0" encoding="UTF-8"?>
<!-- Generated by org.testng.reporters.JUnitReportReporter -->
<testsuite skipped="0" hostname="SRBGRZWM53" name="tests.testTest" tests="1" failures="0" timestamp="2021-09-08T00:11:28 CEST" time="0.007" errors="0">
  <testcase name="aaaTest" time="0.007" classname="tests.testTest"/>
  <system-out/>
</testsuite> <!-- tests.testTest -->
