<?xml version="1.0" encoding="UTF-8"?>
<!-- Generated by org.testng.reporters.JUnitReportReporter -->
<testsuite skipped="0" hostname="SRBGRZWM53" name="tests.CreateNewANZAccount" tests="1" failures="0" timestamp="2022-04-07T19:45:21 CEST" time="74.088" errors="0">
  <testcase name="createNewAccount" time="74.088" classname="tests.CreateNewANZAccount"/>
  <system-out/>
</testsuite> <!-- tests.CreateNewANZAccount -->
