<?xml version="1.0" encoding="UTF-8"?>
<!-- Generated by org.testng.reporters.JUnitReportReporter -->
<testsuite skipped="0" hostname="SRBGRZWM53" name="tests.CreateNewAssetOnExistingAccount" tests="1" failures="0" timestamp="2022-03-30T20:46:26 CEST" time="18.570" errors="0">
  <testcase name="createNewAssetOnExistingAccount" time="18.570" classname="tests.CreateNewAssetOnExistingAccount"/>
  <system-out/>
</testsuite> <!-- tests.CreateNewAssetOnExistingAccount -->
