<?xml version="1.0" encoding="UTF-8"?>
<!-- Generated by org.testng.reporters.JUnitReportReporter -->
<testsuite hostname="SRBGRZWM53" failures="0" tests="1" name="tests.api" time="0.462" errors="0" timestamp="2021-07-12T12:52:55 CEST" skipped="0">
  <testcase classname="tests.api" name="test" time="0.462"/>
  <system-out/>
</testsuite> <!-- tests.api -->
