<?xml version="1.0" encoding="UTF-8"?>
<!-- Generated by org.testng.reporters.JUnitReportReporter -->
<testsuite skipped="0" hostname="SRBGRZWM53" name="tests.LoginToPage" tests="1" failures="0" timestamp="2022-04-07T19:45:21 CEST" time="13.767" errors="0">
  <testcase name="login" time="13.767" classname="tests.LoginToPage"/>
  <system-out/>
</testsuite> <!-- tests.LoginToPage -->
