<?xml version="1.0" encoding="UTF-8"?>
<!-- Generated by org.testng.reporters.JUnitReportReporter -->
<testsuite skipped="0" hostname="SRBGRZWM53" name="tests.AutoCalculateSeverityLevel" tests="1" failures="0" timestamp="2022-03-31T17:47:12 CEST" time="29.253" errors="0">
  <testcase name="cpaAssetPopulation" time="29.253" classname="tests.AutoCalculateSeverityLevel"/>
  <system-out/>
</testsuite> <!-- tests.AutoCalculateSeverityLevel -->
