<?xml version="1.0" encoding="UTF-8"?>
<!-- Generated by org.testng.reporters.JUnitReportReporter -->
<testsuite skipped="0" hostname="SRBGRZWM53" name="tests.test" tests="1" failures="0" timestamp="2021-11-26T12:34:43 CET" time="5.341" errors="0">
  <testcase name="login" time="5.341" classname="tests.test"/>
  <system-out/>
</testsuite> <!-- tests.test -->
