<?xml version="1.0" encoding="UTF-8"?>
<!-- Generated by org.testng.reporters.JUnitReportReporter -->
<testsuite skipped="0" hostname="SRBGRZWM53" name="tests.DoNotSyncToMarketo" tests="2" failures="0" timestamp="2022-04-07T09:09:45 CEST" time="14.709" errors="0">
  <testcase name="doNotSyncToMarketo" time="8.097" classname="tests.DoNotSyncToMarketo"/>
  <system-out/>
  <testcase name="marketingConsent" time="6.612" classname="tests.DoNotSyncToMarketo"/>
  <system-out/>
</testsuite> <!-- tests.DoNotSyncToMarketo -->
