<?xml version="1.0" encoding="UTF-8"?>
<!-- Generated by org.testng.reporters.JUnitReportReporter -->
<testsuite skipped="0" hostname="SRBGRZWM53" name="tests.CaptureProductInterest" tests="1" failures="0" timestamp="2022-04-06T15:51:13 CEST" time="25.015" errors="0">
  <testcase name="captureProductInterest" time="25.015" classname="tests.CaptureProductInterest"/>
  <system-out/>
</testsuite> <!-- tests.CaptureProductInterest -->
