<?xml version="1.0" encoding="UTF-8"?>
<!-- Generated by org.testng.reporters.JUnitReportReporter -->
<testsuite skipped="0" hostname="SRBGRZWM53" name="tests.SalutationGenderField" tests="1" failures="0" timestamp="2022-04-07T10:09:40 CEST" time="1.561" errors="0">
  <testcase name="salutationGenderField" time="1.561" classname="tests.SalutationGenderField"/>
  <system-out/>
</testsuite> <!-- tests.SalutationGenderField -->
